<?xml version="1.0" encoding="UTF-8"?>
<!-- Generated by org.testng.reporters.JUnitXMLReporter -->
<testsuite hostname="NODE58" name="case1" tests="3" failures="2" timestamp="22 Oct 2014 07:12:00 GMT" time="200.587" errors="0">
  <testcase name="createProfile" time="49.487" classname="selenium.Macys21Oct"/>
  <testcase name="verifyPagination" time="20.841" classname="selenium.Macys21Oct">
    <failure type="org.openqa.selenium.InvalidSelectorException" message="The given selector //div[@id=&amp;apos;globalMastheadFlyout&amp;apos;]/div[contains(@class,&amp;apos;flyout-on&amp;apos;)]//a[text()=&amp;apos;Levi&amp;apos;s&amp;apos;] is either invalid or does not result in a WebElement. The following error occurred:
InvalidSelectorError: Unable to locate an element with the xpath expression //div[@id=&amp;apos;globalMastheadFlyout&amp;apos;]/div[contains(@class,&amp;apos;flyout-on&amp;apos;)]//a[text()=&amp;apos;Levi&amp;apos;s&amp;apos;] because of the following error:
[Exception... &amp;quot;The expression is not a legal expression.&amp;quot;  code: &amp;quot;12&amp;quot; nsresult: &amp;quot;0x805b0033 (SyntaxError)&amp;quot;  location: &amp;quot;&amp;lt;unknown&amp;gt;&amp;quot;]
Command duration or timeout: 27 milliseconds
For documentation on this error, please visit: http://seleniumhq.org/exceptions/invalid_selector_exception.html
Build info: version: &amp;apos;2.42.2&amp;apos;, revision: &amp;apos;6a6995d&amp;apos;, time: &amp;apos;2014-06-03 17:42:30&amp;apos;
System info: host: &amp;apos;NODE58&amp;apos;, ip: &amp;apos;10.210.0.118&amp;apos;, os.name: &amp;apos;Windows 7&amp;apos;, os.arch: &amp;apos;amd64&amp;apos;, os.version: &amp;apos;6.1&amp;apos;, java.version: &amp;apos;1.6.0_43&amp;apos;
Session ID: b31b790b-3f84-4ed2-be93-f216412114b0
Driver info: org.openqa.selenium.firefox.FirefoxDriver
Capabilities [{platform=XP, acceptSslCerts=true, javascriptEnabled=true, browserName=firefox, rotatable=false, locationContextEnabled=true, version=27.0, cssSelectorsEnabled=true, databaseEnabled=true, handlesAlerts=true, browserConnectionEnabled=true, nativeEvents=false, webStorageEnabled=true, applicationCacheEnabled=true, takesScreenshot=true}]">
      <![CDATA[org.openqa.selenium.InvalidSelectorException: The given selector //div[@id='globalMastheadFlyout']/div[contains(@class,'flyout-on')]//a[text()='Levi's'] is either invalid or does not result in a WebElement. The following error occurred:
InvalidSelectorError: Unable to locate an element with the xpath expression //div[@id='globalMastheadFlyout']/div[contains(@class,'flyout-on')]//a[text()='Levi's'] because of the following error:
[Exception... "The expression is not a legal expression."  code: "12" nsresult: "0x805b0033 (SyntaxError)"  location: "<unknown>"]
Command duration or timeout: 27 milliseconds
For documentation on this error, please visit: http://seleniumhq.org/exceptions/invalid_selector_exception.html
Build info: version: '2.42.2', revision: '6a6995d', time: '2014-06-03 17:42:30'
System info: host: 'NODE58', ip: '10.210.0.118', os.name: 'Windows 7', os.arch: 'amd64', os.version: '6.1', java.version: '1.6.0_43'
Session ID: b31b790b-3f84-4ed2-be93-f216412114b0
Driver info: org.openqa.selenium.firefox.FirefoxDriver
Capabilities [{platform=XP, acceptSslCerts=true, javascriptEnabled=true, browserName=firefox, rotatable=false, locationContextEnabled=true, version=27.0, cssSelectorsEnabled=true, databaseEnabled=true, handlesAlerts=true, browserConnectionEnabled=true, nativeEvents=false, webStorageEnabled=true, applicationCacheEnabled=true, takesScreenshot=true}]
	at org.openqa.selenium.remote.ErrorHandler.createThrowable(ErrorHandler.java:204)
	at org.openqa.selenium.remote.ErrorHandler.throwIfResponseFailed(ErrorHandler.java:156)
	at org.openqa.selenium.remote.RemoteWebDriver.execute(RemoteWebDriver.java:599)
	at org.openqa.selenium.remote.RemoteWebDriver.findElement(RemoteWebDriver.java:352)
	at org.openqa.selenium.remote.RemoteWebDriver.findElementByXPath(RemoteWebDriver.java:449)
	at org.openqa.selenium.By$ByXPath.findElement(By.java:357)
	at org.openqa.selenium.remote.RemoteWebDriver.findElement(RemoteWebDriver.java:344)
	at selenium.Macys21Oct.verifyPagination(Macys21Oct.java:111)
Caused by: org.openqa.selenium.remote.ErrorHandler$UnknownServerException: The given selector //div[@id='globalMastheadFlyout']/div[contains(@class,'flyout-on')]//a[text()='Levi's'] is either invalid or does not result in a WebElement. The following error occurred:
InvalidSelectorError: Unable to locate an element with the xpath expression //div[@id='globalMastheadFlyout']/div[contains(@class,'flyout-on')]//a[text()='Levi's'] because of the following error:
[Exception... "The expression is not a legal expression."  code: "12" nsresult: "0x805b0033 (SyntaxError)"  location: "<unknown>"]
Build info: version: '2.42.2', revision: '6a6995d', time: '2014-06-03 17:42:30'
System info: host: 'NODE58', ip: '10.210.0.118', os.name: 'Windows 7', os.arch: 'amd64', os.version: '6.1', java.version: '1.6.0_43'
Driver info: driver.version: unknown
	at <anonymous class>.FirefoxDriver.annotateInvalidSelectorError_(file:///C:/Users/Admin/AppData/Local/Temp/anonymous2456484181989735819webdriver-profile/extensions/fxdriver@googlecode.com/components/driver_component.js:9444)
	at <anonymous class>.FirefoxDriver.prototype.findElementInternal_(file:///C:/Users/Admin/AppData/Local/Temp/anonymous2456484181989735819webdriver-profile/extensions/fxdriver@googlecode.com/components/driver_component.js:9475)
	at <anonymous class>.FirefoxDriver.prototype.findElement(file:///C:/Users/Admin/AppData/Local/Temp/anonymous2456484181989735819webdriver-profile/extensions/fxdriver@googlecode.com/components/driver_component.js:9479)
	at <anonymous class>.DelayedCommand.prototype.executeInternal_/h(file:///C:/Users/Admin/AppData/Local/Temp/anonymous2456484181989735819webdriver-profile/extensions/fxdriver@googlecode.com/components/command_processor.js:11455)
	at <anonymous class>.DelayedCommand.prototype.executeInternal_(file:///C:/Users/Admin/AppData/Local/Temp/anonymous2456484181989735819webdriver-profile/extensions/fxdriver@googlecode.com/components/command_processor.js:11460)
	at <anonymous class>.DelayedCommand.prototype.execute/<(file:///C:/Users/Admin/AppData/Local/Temp/anonymous2456484181989735819webdriver-profile/extensions/fxdriver@googlecode.com/components/command_processor.js:11402)
... Removed 28 stack frames]]>
    </failure>
  </testcase> <!-- verifyPagination -->
  <testcase name="verifyQuantiy" time="69.312" classname="selenium.Macys21Oct">
    <failure type="java.lang.AssertionError" message="expected [(40)] but found [(77)]">
      <![CDATA[java.lang.AssertionError: expected [(40)] but found [(77)]
	at selenium.Macys21Oct.verifyQuantiy(Macys21Oct.java:92)
... Removed 29 stack frames]]>
    </failure>
  </testcase> <!-- verifyQuantiy -->
</testsuite> <!-- case1 -->
